2024-12-11 07:17:43 Loading main app package /usr/lib/obsidian/obsidian.asar
2024-12-11 07:17:44 Checking for update using Github
2024-12-11 07:17:45 Success.
2024-12-11 07:17:45 Latest version is 1.7.7
2024-12-11 07:17:45 App is up to date.
2024-12-12 03:24:23 Loading main app package /usr/lib/obsidian/obsidian.asar
2024-12-12 03:24:23 Checking for update using Github
2024-12-12 03:24:24 Success.
2024-12-12 03:24:24 Latest version is 1.7.7
2024-12-12 03:24:24 App is up to date.
2024-12-12 04:24:23 Checking for update using Github
2024-12-12 04:24:23 Success.
2024-12-12 04:24:23 Latest version is 1.7.7
2024-12-12 04:24:23 App is up to date.
2024-12-12 05:08:32 Loading main app package /usr/lib/obsidian/obsidian.asar
2024-12-12 05:08:33 Checking for update using Github
2024-12-12 05:08:33 Success.
2024-12-12 05:08:33 Latest version is 1.7.7
2024-12-12 05:08:33 App is up to date.
2024-12-12 06:08:32 Checking for update using Github
2024-12-12 06:08:32 Success.
2024-12-12 06:08:32 Latest version is 1.7.7
2024-12-12 06:08:32 App is up to date.
2024-12-12 07:08:32 Checking for update using Github
2024-12-12 07:08:32 Success.
2024-12-12 07:08:32 Latest version is 1.7.7
2024-12-12 07:08:32 App is up to date.
2024-12-12 08:08:32 Checking for update using Github
2024-12-12 08:08:32 Success.
2024-12-12 08:08:32 Latest version is 1.7.7
2024-12-12 08:08:32 App is up to date.
2024-12-13 14:00:43 Loading main app package /usr/lib/obsidian/obsidian.asar
2024-12-13 14:00:44 Checking for update using Github
2024-12-13 14:00:44 Success.
2024-12-13 14:00:44 Latest version is 1.7.7
2024-12-13 14:00:44 App is up to date.
